Log file open, 08/09/20 21:34:01
LogWindows: Failed to load 'aqProf.dll' (GetLastError=126)
LogWindows: File 'aqProf.dll' does not exist
LogWindows: Failed to load 'VtuneApi.dll' (GetLastError=126)
LogWindows: File 'VtuneApi.dll' does not exist
LogWindows: Failed to load 'VtuneApi32e.dll' (GetLastError=126)
LogWindows: File 'VtuneApi32e.dll' does not exist
LogConsoleResponse: Display: Failed to find resolution value strings in scalability ini. Falling back to default.
LogPakFile: Display: Found Pak file ../../../VResume/Content/Paks/VResume-WindowsNoEditor.pak attempting to mount.
LogPakFile: Display: Mounting pak file ../../../VResume/Content/Paks/VResume-WindowsNoEditor.pak.
LogPlatformFile: Not using cached read wrapper
LogTaskGraph: Started task graph with 5 named threads and 35 total threads with 3 sets of task threads.
LogStats: Stats thread started at 0.516370
LogD3D11RHI: Loaded GFSDK_Aftermath_Lib.x64.dll
LogICUInternationalization: ICU TimeZone Detection - Raw Offset: -5:00, Platform Override: ''
LogPluginManager: Mounting plugin Niagara
LogPluginManager: Mounting plugin Wwise
LogPluginManager: Mounting plugin Paper2D
LogPluginManager: Mounting plugin AISupport
LogPluginManager: Mounting plugin LightPropagationVolume
LogPluginManager: Mounting plugin AnimationSharing
LogPluginManager: Mounting plugin SignificanceManager
LogPluginManager: Mounting plugin UObjectPlugin
LogPluginManager: Mounting plugin AssetManagerEditor
LogPluginManager: Mounting plugin FacialAnimation
LogPluginManager: Mounting plugin DatasmithContent
LogPluginManager: Mounting plugin VariantManagerContent
LogPluginManager: Mounting plugin AlembicImporter
LogPluginManager: Mounting plugin GeometryCache
LogPluginManager: Mounting plugin AutomationUtils
LogPluginManager: Mounting plugin ScreenshotTools
LogPluginManager: Mounting plugin BackChannel
LogPluginManager: Mounting plugin CharacterAI
LogPluginManager: Mounting plugin PlatformCrypto
LogPluginManager: Mounting plugin MagicLeap
LogPluginManager: Mounting plugin MLSDK
LogPluginManager: Mounting plugin AvfMedia
LogPluginManager: Mounting plugin ImgMedia
LogPluginManager: Mounting plugin MediaCompositing
LogPluginManager: Mounting plugin WmfMedia
LogPluginManager: Mounting plugin TcpMessaging
LogPluginManager: Mounting plugin UdpMessaging
LogPluginManager: Mounting plugin ActorSequence
LogPluginManager: Mounting plugin NetcodeUnitTest
LogPluginManager: Mounting plugin OnlineSubsystemNull
LogPluginManager: Mounting plugin OnlineSubsystem
LogPluginManager: Mounting plugin OnlineSubsystemUtils
LogPluginManager: Mounting plugin LauncherChunkInstaller
LogPluginManager: Mounting plugin AndroidPermission
LogPluginManager: Mounting plugin AppleImageUtils
LogPluginManager: Mounting plugin ArchVisCharacter
LogPluginManager: Mounting plugin AssetTags
LogPluginManager: Mounting plugin AudioCapture
LogPluginManager: Mounting plugin CableComponent
LogPluginManager: Mounting plugin CustomMeshComponent
LogPluginManager: Mounting plugin EditableMesh
LogPluginManager: Mounting plugin ExampleDeviceProfileSelector
LogPluginManager: Mounting plugin LocationServicesBPLibrary
LogPluginManager: Mounting plugin MobilePatchingUtils
LogPluginManager: Mounting plugin OculusVR
LogPluginManager: Mounting plugin ProceduralMeshComponent
LogPluginManager: Mounting plugin PhysXVehicles
LogPluginManager: Mounting plugin RuntimePhysXCooking
LogPluginManager: Mounting plugin SteamVR
LogPluginManager: Mounting plugin WebMMoviePlayer
LogPluginManager: Mounting plugin WebMMedia
LogPluginManager: Mounting plugin WindowsMoviePlayer
LogInit: Using libcurl 7.55.1-DEV
LogInit:  - built for x86_64-pc-win32
LogInit:  - supports SSL with OpenSSL/1.1.1
LogInit:  - supports HTTP deflate (compression) using libz 1.2.8
LogInit:  - other features:
LogInit:      CURL_VERSION_SSL
LogInit:      CURL_VERSION_LIBZ
LogInit:      CURL_VERSION_IPV6
LogInit:      CURL_VERSION_ASYNCHDNS
LogInit:      CURL_VERSION_LARGEFILE
LogInit:      CURL_VERSION_IDN
LogInit:  CurlRequestOptions (configurable via config and command line):
LogInit:  - bVerifyPeer = true  - Libcurl will verify peer certificate
LogInit:  - bUseHttpProxy = false  - Libcurl will NOT use HTTP proxy
LogInit:  - bDontReuseConnections = false  - Libcurl will reuse connections
LogInit:  - MaxHostConnections = 16  - Libcurl will limit the number of connections to a host
LogInit:  - LocalHostAddr = Default
LogInit:  - BufferSize = 65536
LogOnline: OSS: Creating online subsystem instance for: NULL
LogInit: WinSock: version 1.1 (2.2), MaxSocks=32767, MaxUdp=65467
LogOnline: OSS: TryLoadSubsystemAndSetDefault: Loaded subsystem for module [NULL]
LogInit: Build: ++UE4+Release-4.24-CL-11590370
LogInit: Engine Version: 4.24.3-11590370+++UE4+Release-4.24
LogInit: Compatible Engine Version: 4.24.0-10570792+++UE4+Release-4.24
LogInit: Net CL: 10570792
LogInit: OS: Windows 10 (Release 2004) (), CPU: Intel(R) Core(TM) i7-8700 CPU @ 3.20GHz, GPU: NVIDIA GeForce GTX 1070
LogInit: Compiled (64-bit): Feb 24 2020 20:52:55
LogInit: Compiled with Visual C++: 19.16.27032.01
LogInit: Build Configuration: Development
LogInit: Branch Name: ++UE4+Release-4.24
LogInit: Command Line: 
LogInit: Base Directory: C:/Users/Jacob Edelen/Documents/Unreal Projects/VResume/Builds/8-9-2020/WindowsNoEditor/VResume/Binaries/Win64/
LogInit: Installed Engine Build: 0
LogDevObjectVersion: Number of dev versions registered: 25
LogDevObjectVersion:   Dev-Blueprints (B0D832E4-1F89-4F0D-ACCF-7EB736FD4AA2): 10
LogDevObjectVersion:   Dev-Build (E1C64328-A22C-4D53-A36C-8E866417BD8C): 0
LogDevObjectVersion:   Dev-Core (375EC13C-06E4-48FB-B500-84F0262A717E): 3
LogDevObjectVersion:   Dev-Editor (E4B068ED-F494-42E9-A231-DA0B2E46BB41): 37
LogDevObjectVersion:   Dev-Framework (CFFC743F-43B0-4480-9391-14DF171D2073): 36
LogDevObjectVersion:   Dev-Mobile (B02B49B5-BB20-44E9-A304-32B752E40360): 2
LogDevObjectVersion:   Dev-Networking (A4E4105C-59A1-49B5-A7C5-40C4547EDFEE): 0
LogDevObjectVersion:   Dev-Online (39C831C9-5AE6-47DC-9A44-9C173E1C8E7C): 0
LogDevObjectVersion:   Dev-Physics (78F01B33-EBEA-4F98-B9B4-84EACCB95AA2): 2
LogDevObjectVersion:   Dev-Platform (6631380F-2D4D-43E0-8009-CF276956A95A): 0
LogDevObjectVersion:   Dev-Rendering (12F88B9F-8875-4AFC-A67C-D90C383ABD29): 36
LogDevObjectVersion:   Dev-Sequencer (7B5AE74C-D270-4C10-A958-57980B212A5A): 11
LogDevObjectVersion:   Dev-VR (D7296918-1DD6-4BDD-9DE2-64A83CC13884): 2
LogDevObjectVersion:   Dev-LoadTimes (C2A15278-BFE7-4AFE-6C17-90FF531DF755): 1
LogDevObjectVersion:   Private-Geometry (6EACA3D4-40EC-4CC1-B786-8BED09428FC5): 3
LogDevObjectVersion:   Dev-AnimPhys (29E575DD-E0A3-4627-9D10-D276232CDCEA): 17
LogDevObjectVersion:   Dev-Anim (AF43A65D-7FD3-4947-9873-3E8ED9C1BB05): 2
LogDevObjectVersion:   Dev-ReflectionCapture (6B266CEC-1EC7-4B8F-A30B-E4D90942FC07): 1
LogDevObjectVersion:   Dev-Automation (0DF73D61-A23F-47EA-B727-89E90C41499A): 1
LogDevObjectVersion:   FortniteMain (601D1886-AC64-4F84-AA16-D3DE0DEAC7D6): 31
LogDevObjectVersion:   Dev-Enterprise (9DFFBCD6-494F-0158-E221-12823C92A888): 8
LogDevObjectVersion:   Dev-Niagara (F2AED0AC-9AFE-416F-8664-AA7FFA26D6FC): 1
LogDevObjectVersion:   Dev-Destruction (174F1F0B-B4C6-45A5-B13F-2EE8D0FB917D): 9
LogDevObjectVersion:   Dev-Physics-Ext (35F94A83-E258-406C-A318-09F59610247C): 8
LogDevObjectVersion:   Dev-CineCamera (B2E18506-4273-CFC2-A54E-F4BB758BBA07): 1
LogInit: Presizing for max 2097152 objects, including 1 objects not considered by GC, pre-allocating 0 bytes for permanent pool.
LogStreaming: Display: Async Loading initialized: Event Driven Loader: true, Async Loading Thread: false, Async Post Load: true
LogInit: Object subsystem initialized
LogConfig: Setting CVar [[con.DebugEarlyDefault:1]]
LogConfig: Setting CVar [[r.setres:1280x720]]
[2020.08.10-01.34.01:581][  0]LogConfig: Setting CVar [[con.DebugEarlyDefault:1]]
[2020.08.10-01.34.01:581][  0]LogConfig: Setting CVar [[r.setres:1280x720]]
[2020.08.10-01.34.01:581][  0]LogConfig: Applying CVar settings from Section [/Script/Engine.RendererSettings] File [../../../VResume/Saved/Config/WindowsNoEditor/Engine.ini]
[2020.08.10-01.34.01:581][  0]LogConfig: Setting CVar [[r.GPUCrashDebugging:0]]
[2020.08.10-01.34.01:581][  0]LogConfig: Setting CVar [[r.DefaultFeature.AmbientOcclusion:0]]
[2020.08.10-01.34.01:581][  0]LogConfig: Setting CVar [[r.DefaultFeature.AmbientOcclusionStaticFraction:0]]
[2020.08.10-01.34.01:581][  0]LogConfig: Setting CVar [[vr.InstancedStereo:1]]
[2020.08.10-01.34.01:581][  0]LogConfig: Setting CVar [[r.SeparateTranslucency:0]]
[2020.08.10-01.34.01:581][  0]LogConfig: Setting CVar [[r.HZBOcclusion:0]]
[2020.08.10-01.34.01:581][  0]LogConfig: Setting CVar [[r.SSR.MaxRoughness:0]]
[2020.08.10-01.34.01:581][  0]LogConfig: Setting CVar [[r.RHICmdBypass:0]]
[2020.08.10-01.34.01:581][  0]LogConfig: Setting CVar [[r.DefaultFeature.AutoExposure:0]]
[2020.08.10-01.34.01:581][  0]LogConfig: Applying CVar settings from Section [/Script/Engine.RendererOverrideSettings] File [../../../VResume/Saved/Config/WindowsNoEditor/Engine.ini]
[2020.08.10-01.34.01:581][  0]LogConfig: Applying CVar settings from Section [/Script/Engine.StreamingSettings] File [../../../VResume/Saved/Config/WindowsNoEditor/Engine.ini]
[2020.08.10-01.34.01:581][  0]LogConfig: Setting CVar [[s.MinBulkDataSizeForAsyncLoading:131072]]
[2020.08.10-01.34.01:581][  0]LogConfig: Setting CVar [[s.AsyncLoadingThreadEnabled:0]]
[2020.08.10-01.34.01:581][  0]LogConfig: Setting CVar [[s.EventDrivenLoaderEnabled:1]]
[2020.08.10-01.34.01:581][  0]LogConfig: Setting CVar [[s.WarnIfTimeLimitExceeded:0]]
[2020.08.10-01.34.01:581][  0]LogConfig: Setting CVar [[s.TimeLimitExceededMultiplier:1.5]]
[2020.08.10-01.34.01:581][  0]LogConfig: Setting CVar [[s.TimeLimitExceededMinTime:0.005]]
[2020.08.10-01.34.01:581][  0]LogConfig: Setting CVar [[s.UseBackgroundLevelStreaming:1]]
[2020.08.10-01.34.01:581][  0]LogConfig: Setting CVar [[s.PriorityAsyncLoadingExtraTime:15.0]]
[2020.08.10-01.34.01:581][  0]LogConfig: Setting CVar [[s.LevelStreamingActorsUpdateTimeLimit:5.0]]
[2020.08.10-01.34.01:581][  0]LogConfig: Setting CVar [[s.PriorityLevelStreamingActorsUpdateExtraTime:5.0]]
[2020.08.10-01.34.01:581][  0]LogConfig: Setting CVar [[s.LevelStreamingComponentsRegistrationGranularity:10]]
[2020.08.10-01.34.01:581][  0]LogConfig: Setting CVar [[s.UnregisterComponentsTimeLimit:1.0]]
[2020.08.10-01.34.01:581][  0]LogConfig: Setting CVar [[s.LevelStreamingComponentsUnregistrationGranularity:5]]
[2020.08.10-01.34.01:581][  0]LogConfig: Setting CVar [[s.FlushStreamingOnExit:1]]
[2020.08.10-01.34.01:581][  0]LogConfig: Applying CVar settings from Section [/Script/Engine.GarbageCollectionSettings] File [../../../VResume/Saved/Config/WindowsNoEditor/Engine.ini]
[2020.08.10-01.34.01:581][  0]LogConfig: Setting CVar [[gc.MaxObjectsNotConsideredByGC:1]]
[2020.08.10-01.34.01:581][  0]LogConfig: Setting CVar [[gc.SizeOfPermanentObjectPool:0]]
[2020.08.10-01.34.01:581][  0]LogConfig: Setting CVar [[gc.FlushStreamingOnGC:0]]
[2020.08.10-01.34.01:581][  0]LogConfig: Setting CVar [[gc.NumRetriesBeforeForcingGC:10]]
[2020.08.10-01.34.01:581][  0]LogConfig: Setting CVar [[gc.AllowParallelGC:1]]
[2020.08.10-01.34.01:581][  0]LogConfig: Setting CVar [[gc.TimeBetweenPurgingPendingKillObjects:61.1]]
[2020.08.10-01.34.01:581][  0]LogConfig: Setting CVar [[gc.MaxObjectsInEditor:25165824]]
[2020.08.10-01.34.01:581][  0]LogConfig: Setting CVar [[gc.IncrementalBeginDestroyEnabled:1]]
[2020.08.10-01.34.01:581][  0]LogConfig: Setting CVar [[gc.CreateGCClusters:1]]
[2020.08.10-01.34.01:581][  0]LogConfig: Setting CVar [[gc.MinGCClusterSize:5]]
[2020.08.10-01.34.01:581][  0]LogConfig: Setting CVar [[gc.ActorClusteringEnabled:0]]
[2020.08.10-01.34.01:581][  0]LogConfig: Setting CVar [[gc.BlueprintClusteringEnabled:0]]
[2020.08.10-01.34.01:581][  0]LogConfig: Setting CVar [[gc.UseDisregardForGCOnDedicatedServers:0]]
[2020.08.10-01.34.01:581][  0]LogConfig: Applying CVar settings from Section [/Script/Engine.NetworkSettings] File [../../../VResume/Saved/Config/WindowsNoEditor/Engine.ini]
[2020.08.10-01.34.01:584][  0]LogConfig: Applying CVar settings from Section [ViewDistanceQuality@3] File [../../../VResume/Saved/Config/WindowsNoEditor/Scalability.ini]
[2020.08.10-01.34.01:584][  0]LogConfig: Setting CVar [[r.SkeletalMeshLODBias:0]]
[2020.08.10-01.34.01:584][  0]LogConfig: Setting CVar [[r.ViewDistanceScale:1.0]]
[2020.08.10-01.34.01:584][  0]LogConfig: Applying CVar settings from Section [AntiAliasingQuality@3] File [../../../VResume/Saved/Config/WindowsNoEditor/Scalability.ini]
[2020.08.10-01.34.01:584][  0]LogConfig: Setting CVar [[r.PostProcessAAQuality:3]]
[2020.08.10-01.34.01:584][  0]LogConfig: Applying CVar settings from Section [ShadowQuality@3] File [../../../VResume/Saved/Config/WindowsNoEditor/Scalability.ini]
[2020.08.10-01.34.01:584][  0]LogConfig: Setting CVar [[r.LightFunctionQuality:1]]
[2020.08.10-01.34.01:584][  0]LogConfig: Setting CVar [[r.ShadowQuality:5]]
[2020.08.10-01.34.01:584][  0]LogConfig: Setting CVar [[r.Shadow.CSM.MaxCascades:10]]
[2020.08.10-01.34.01:584][  0]LogConfig: Setting CVar [[r.Shadow.MaxResolution:2048]]
[2020.08.10-01.34.01:584][  0]LogConfig: Setting CVar [[r.Shadow.MaxCSMResolution:2048]]
[2020.08.10-01.34.01:584][  0]LogConfig: Setting CVar [[r.Shadow.RadiusThreshold:0.01]]
[2020.08.10-01.34.01:584][  0]LogConfig: Setting CVar [[r.Shadow.DistanceScale:1.0]]
[2020.08.10-01.34.01:584][  0]LogConfig: Setting CVar [[r.Shadow.CSM.TransitionScale:1.0]]
[2020.08.10-01.34.01:584][  0]LogConfig: Setting CVar [[r.Shadow.PreShadowResolutionFactor:1.0]]
[2020.08.10-01.34.01:584][  0]LogConfig: Setting CVar [[r.DistanceFieldShadowing:1]]
[2020.08.10-01.34.01:584][  0]LogConfig: Setting CVar [[r.DistanceFieldAO:1]]
[2020.08.10-01.34.01:584][  0]LogConfig: Setting CVar [[r.AOQuality:2]]
[2020.08.10-01.34.01:584][  0]LogConfig: Setting CVar [[r.VolumetricFog:1]]
[2020.08.10-01.34.01:584][  0]LogConfig: Setting CVar [[r.VolumetricFog.GridPixelSize:8]]
[2020.08.10-01.34.01:584][  0]LogConfig: Setting CVar [[r.VolumetricFog.GridSizeZ:128]]
[2020.08.10-01.34.01:584][  0]LogConfig: Setting CVar [[r.VolumetricFog.HistoryMissSupersampleCount:4]]
[2020.08.10-01.34.01:585][  0]LogConfig: Setting CVar [[r.LightMaxDrawDistanceScale:1]]
[2020.08.10-01.34.01:585][  0]LogConfig: Setting CVar [[r.CapsuleShadows:1]]
[2020.08.10-01.34.01:585][  0]LogConfig: Applying CVar settings from Section [PostProcessQuality@3] File [../../../VResume/Saved/Config/WindowsNoEditor/Scalability.ini]
[2020.08.10-01.34.01:585][  0]LogConfig: Setting CVar [[r.MotionBlurQuality:0]]
[2020.08.10-01.34.01:585][  0]LogConfig: Setting CVar [[r.AmbientOcclusionMipLevelFactor:0.4]]
[2020.08.10-01.34.01:585][  0]LogConfig: Setting CVar [[r.AmbientOcclusionMaxQuality:100]]
[2020.08.10-01.34.01:585][  0]LogConfig: Setting CVar [[r.AmbientOcclusionLevels:0]]
[2020.08.10-01.34.01:585][  0]LogConfig: Setting CVar [[r.AmbientOcclusionRadiusScale:1.0]]
[2020.08.10-01.34.01:585][  0]LogConfig: Setting CVar [[r.DepthOfFieldQuality:0]]
[2020.08.10-01.34.01:585][  0]LogConfig: Setting CVar [[r.RenderTargetPoolMin:400]]
[2020.08.10-01.34.01:585][  0]LogConfig: Setting CVar [[r.LensFlareQuality:0]]
[2020.08.10-01.34.01:585][  0]LogConfig: Setting CVar [[r.SceneColorFringeQuality:0]]
[2020.08.10-01.34.01:585][  0]LogConfig: Setting CVar [[r.EyeAdaptationQuality:2]]
[2020.08.10-01.34.01:585][  0]LogConfig: Setting CVar [[r.BloomQuality:1]]
[2020.08.10-01.34.01:585][  0]LogConfig: Setting CVar [[r.FastBlurThreshold:0]]
[2020.08.10-01.34.01:585][  0]LogConfig: Setting CVar [[r.Upscale.Quality:3]]
[2020.08.10-01.34.01:585][  0]LogConfig: Setting CVar [[r.Tonemapper.GrainQuantization:1]]
[2020.08.10-01.34.01:585][  0]LogConfig: Setting CVar [[r.LightShaftQuality:1]]
[2020.08.10-01.34.01:585][  0]LogConfig: Setting CVar [[r.Filter.SizeScale:1]]
[2020.08.10-01.34.01:585][  0]LogConfig: Setting CVar [[r.Tonemapper.Quality:5]]
[2020.08.10-01.34.01:585][  0]LogConfig: Setting CVar [[r.DOF.Gather.AccumulatorQuality:1        ; higher gathering accumulator quality]]
[2020.08.10-01.34.01:585][  0]LogConfig: Setting CVar [[r.DOF.Gather.PostfilterMethod:1          ; Median3x3 postfilering method]]
[2020.08.10-01.34.01:585][  0]LogConfig: Setting CVar [[r.DOF.Gather.EnableBokehSettings:0       ; no bokeh simulation when gathering]]
[2020.08.10-01.34.01:585][  0]LogConfig: Setting CVar [[r.DOF.Gather.RingCount:4                 ; medium number of samples when gathering]]
[2020.08.10-01.34.01:585][  0]LogConfig: Setting CVar [[r.DOF.Scatter.ForegroundCompositing:1    ; additive foreground scattering]]
[2020.08.10-01.34.01:585][  0]LogConfig: Setting CVar [[r.DOF.Scatter.BackgroundCompositing:2    ; additive background scattering]]
[2020.08.10-01.34.01:585][  0]LogConfig: Setting CVar [[r.DOF.Scatter.EnableBokehSettings:1      ; bokeh simulation when scattering]]
[2020.08.10-01.34.01:585][  0]LogConfig: Setting CVar [[r.DOF.Scatter.MaxSpriteRatio:0.1         ; only a maximum of 10% of scattered bokeh]]
[2020.08.10-01.34.01:585][  0]LogConfig: Setting CVar [[r.DOF.Recombine.Quality:1                ; cheap slight out of focus]]
[2020.08.10-01.34.01:585][  0]LogConfig: Setting CVar [[r.DOF.Recombine.EnableBokehSettings:0    ; no bokeh simulation on slight out of focus]]
[2020.08.10-01.34.01:585][  0]LogConfig: Setting CVar [[r.DOF.TemporalAAQuality:1                ; more stable temporal accumulation]]
[2020.08.10-01.34.01:585][  0]LogConfig: Setting CVar [[r.DOF.Kernel.MaxForegroundRadius:0.025]]
[2020.08.10-01.34.01:585][  0]LogConfig: Setting CVar [[r.DOF.Kernel.MaxBackgroundRadius:0.025]]
[2020.08.10-01.34.01:585][  0]LogConfig: Applying CVar settings from Section [TextureQuality@3] File [../../../VResume/Saved/Config/WindowsNoEditor/Scalability.ini]
[2020.08.10-01.34.01:585][  0]LogConfig: Setting CVar [[r.Streaming.MipBias:0]]
[2020.08.10-01.34.01:585][  0]LogConfig: Setting CVar [[r.Streaming.AmortizeCPUToGPUCopy:0]]
[2020.08.10-01.34.01:585][  0]LogConfig: Setting CVar [[r.Streaming.MaxNumTexturesToStreamPerFrame:0]]
[2020.08.10-01.34.01:585][  0]LogConfig: Setting CVar [[r.Streaming.Boost:1]]
[2020.08.10-01.34.01:585][  0]LogConfig: Setting CVar [[r.MaxAnisotropy:8]]
[2020.08.10-01.34.01:585][  0]LogConfig: Setting CVar [[r.VT.MaxAnisotropy:8]]
[2020.08.10-01.34.01:585][  0]LogConfig: Setting CVar [[r.Streaming.LimitPoolSizeToVRAM:0]]
[2020.08.10-01.34.01:585][  0]LogConfig: Setting CVar [[r.Streaming.PoolSize:1000]]
[2020.08.10-01.34.01:585][  0]LogConfig: Setting CVar [[r.Streaming.MaxEffectiveScreenSize:0]]
[2020.08.10-01.34.01:585][  0]LogConfig: Applying CVar settings from Section [EffectsQuality@3] File [../../../VResume/Saved/Config/WindowsNoEditor/Scalability.ini]
[2020.08.10-01.34.01:585][  0]LogConfig: Setting CVar [[r.TranslucencyLightingVolumeDim:4]]
[2020.08.10-01.34.01:585][  0]LogConfig: Setting CVar [[r.RefractionQuality:2]]
[2020.08.10-01.34.01:585][  0]LogConfig: Setting CVar [[r.SSR.Quality:0]]
[2020.08.10-01.34.01:585][  0]LogConfig: Setting CVar [[r.SSR.HalfResSceneColor:0]]
[2020.08.10-01.34.01:585][  0]LogConfig: Setting CVar [[r.SceneColorFormat:2]]
[2020.08.10-01.34.01:585][  0]LogConfig: Setting CVar [[r.DetailMode:2]]
[2020.08.10-01.34.01:585][  0]LogConfig: Setting CVar [[r.TranslucencyVolumeBlur:0]]
[2020.08.10-01.34.01:585][  0]LogConfig: Setting CVar [[r.MaterialQualityLevel:1 ; High quality]]
[2020.08.10-01.34.01:585][  0]LogConfig: Setting CVar [[r.SSS.Scale:1]]
[2020.08.10-01.34.01:585][  0]LogConfig: Setting CVar [[r.SSS.SampleSet:2]]
[2020.08.10-01.34.01:585][  0]LogConfig: Setting CVar [[r.SSS.Quality:1]]
[2020.08.10-01.34.01:585][  0]LogConfig: Setting CVar [[r.SSS.HalfRes:1]]
[2020.08.10-01.34.01:585][  0]LogConfig: Setting CVar [[r.SSGI.Quality:3]]
[2020.08.10-01.34.01:585][  0]LogConfig: Setting CVar [[r.EmitterSpawnRateScale:1.0]]
[2020.08.10-01.34.01:585][  0]LogConfig: Setting CVar [[r.ParticleLightQuality:2]]
[2020.08.10-01.34.01:585][  0]LogConfig: Setting CVar [[r.DetailLevel:3]]
[2020.08.10-01.34.01:585][  0]LogConfig: Setting CVar [[r.SkyAtmosphere.AerialPerspectiveLUT.FastApplyOnOpaque:1 ; Always have FastSkyLUT 1 in this case to avoid wrong sky]]
[2020.08.10-01.34.01:585][  0]LogConfig: Setting CVar [[r.SkyAtmosphere.AerialPerspectiveLUT.SampleCountPerSlice:1]]
[2020.08.10-01.34.01:585][  0]LogConfig: Setting CVar [[r.SkyAtmosphere.AerialPerspectiveLUT.DepthResolution:16.0]]
[2020.08.10-01.34.01:585][  0]LogConfig: Setting CVar [[r.SkyAtmosphere.FastSkyLUT:1]]
[2020.08.10-01.34.01:585][  0]LogConfig: Setting CVar [[r.SkyAtmosphere.FastSkyLUT.SampleCountMin:4.0]]
[2020.08.10-01.34.01:585][  0]LogConfig: Setting CVar [[r.SkyAtmosphere.FastSkyLUT.SampleCountMax:32.0]]
[2020.08.10-01.34.01:585][  0]LogConfig: Setting CVar [[r.SkyAtmosphere.SampleCountMin:4.0]]
[2020.08.10-01.34.01:585][  0]LogConfig: Setting CVar [[r.SkyAtmosphere.SampleCountMax:32.0]]
[2020.08.10-01.34.01:585][  0]LogConfig: Setting CVar [[r.SkyAtmosphere.TransmittanceLUT.UseSmallFormat:0]]
[2020.08.10-01.34.01:585][  0]LogConfig: Setting CVar [[r.SkyAtmosphere.TransmittanceLUT.SampleCount:10.0]]
[2020.08.10-01.34.01:585][  0]LogConfig: Setting CVar [[r.SkyAtmosphere.MultiScatteringLUT.SampleCount:15.0]]
[2020.08.10-01.34.01:585][  0]LogConfig: Setting CVar [[fx.NiagaraGlobalSpawnCountScale:1.0]]
[2020.08.10-01.34.01:585][  0]LogConfig: Applying CVar settings from Section [FoliageQuality@3] File [../../../VResume/Saved/Config/WindowsNoEditor/Scalability.ini]
[2020.08.10-01.34.01:585][  0]LogConfig: Setting CVar [[foliage.DensityScale:1.0]]
[2020.08.10-01.34.01:585][  0]LogConfig: Setting CVar [[grass.DensityScale:1.0]]
[2020.08.10-01.34.01:585][  0]LogConfig: Applying CVar settings from Section [ShadingQuality@3] File [../../../VResume/Saved/Config/WindowsNoEditor/Scalability.ini]
[2020.08.10-01.34.01:585][  0]LogConfig: Setting CVar [[r.HairStrands.SkyLighting.SampleCount:16]]
[2020.08.10-01.34.01:585][  0]LogConfig: Setting CVar [[r.HairStrands.SkyLighting.JitterIntegration:0]]
[2020.08.10-01.34.01:585][  0]LogConfig: Setting CVar [[r.HairStrands.SkyAO.SampleCount:16]]
[2020.08.10-01.34.01:585][  0]LogInit: Selected Device Profile: [WindowsNoEditor]
[2020.08.10-01.34.01:585][  0]LogInit: Applying CVar settings loaded from the selected device profile: [WindowsNoEditor]
[2020.08.10-01.34.01:588][  0]LogHAL: Display: Platform has ~ 16 GB [17111027712 / 17179869184 / 16], which maps to Larger [LargestMinGB=32, LargerMinGB=12, DefaultMinGB=8, SmallerMinGB=6, SmallestMinGB=0)
[2020.08.10-01.34.01:588][  0]LogInit: Going up to parent DeviceProfile [Windows]
[2020.08.10-01.34.01:588][  0]LogInit: Going up to parent DeviceProfile []
[2020.08.10-01.34.01:588][  0]LogConfig: Applying CVar settings from Section [ViewDistanceQuality@3] File [../../../VResume/Saved/Config/WindowsNoEditor/Scalability.ini]
[2020.08.10-01.34.01:588][  0]LogConfig: Setting CVar [[r.SkeletalMeshLODBias:0]]
[2020.08.10-01.34.01:588][  0]LogConfig: Setting CVar [[r.ViewDistanceScale:1.0]]
[2020.08.10-01.34.01:588][  0]LogConfig: Applying CVar settings from Section [AntiAliasingQuality@3] File [../../../VResume/Saved/Config/WindowsNoEditor/Scalability.ini]
[2020.08.10-01.34.01:588][  0]LogConfig: Setting CVar [[r.PostProcessAAQuality:3]]
[2020.08.10-01.34.01:588][  0]LogConfig: Applying CVar settings from Section [ShadowQuality@3] File [../../../VResume/Saved/Config/WindowsNoEditor/Scalability.ini]
[2020.08.10-01.34.01:588][  0]LogConfig: Setting CVar [[r.LightFunctionQuality:1]]
[2020.08.10-01.34.01:588][  0]LogConfig: Setting CVar [[r.ShadowQuality:5]]
[2020.08.10-01.34.01:588][  0]LogConfig: Setting CVar [[r.Shadow.CSM.MaxCascades:10]]
[2020.08.10-01.34.01:588][  0]LogConfig: Setting CVar [[r.Shadow.MaxResolution:2048]]
[2020.08.10-01.34.01:588][  0]LogConfig: Setting CVar [[r.Shadow.MaxCSMResolution:2048]]
[2020.08.10-01.34.01:588][  0]LogConfig: Setting CVar [[r.Shadow.RadiusThreshold:0.01]]
[2020.08.10-01.34.01:588][  0]LogConfig: Setting CVar [[r.Shadow.DistanceScale:1.0]]
[2020.08.10-01.34.01:588][  0]LogConfig: Setting CVar [[r.Shadow.CSM.TransitionScale:1.0]]
[2020.08.10-01.34.01:588][  0]LogConfig: Setting CVar [[r.Shadow.PreShadowResolutionFactor:1.0]]
[2020.08.10-01.34.01:588][  0]LogConfig: Setting CVar [[r.DistanceFieldShadowing:1]]
[2020.08.10-01.34.01:588][  0]LogConfig: Setting CVar [[r.DistanceFieldAO:1]]
[2020.08.10-01.34.01:588][  0]LogConfig: Setting CVar [[r.AOQuality:2]]
[2020.08.10-01.34.01:588][  0]LogConfig: Setting CVar [[r.VolumetricFog:1]]
[2020.08.10-01.34.01:588][  0]LogConfig: Setting CVar [[r.VolumetricFog.GridPixelSize:8]]
[2020.08.10-01.34.01:588][  0]LogConfig: Setting CVar [[r.VolumetricFog.GridSizeZ:128]]
[2020.08.10-01.34.01:588][  0]LogConfig: Setting CVar [[r.VolumetricFog.HistoryMissSupersampleCount:4]]
[2020.08.10-01.34.01:588][  0]LogConfig: Setting CVar [[r.LightMaxDrawDistanceScale:1]]
[2020.08.10-01.34.01:588][  0]LogConfig: Setting CVar [[r.CapsuleShadows:1]]
[2020.08.10-01.34.01:588][  0]LogConfig: Applying CVar settings from Section [PostProcessQuality@3] File [../../../VResume/Saved/Config/WindowsNoEditor/Scalability.ini]
[2020.08.10-01.34.01:588][  0]LogConfig: Setting CVar [[r.MotionBlurQuality:0]]
[2020.08.10-01.34.01:588][  0]LogConfig: Setting CVar [[r.AmbientOcclusionMipLevelFactor:0.4]]
[2020.08.10-01.34.01:588][  0]LogConfig: Setting CVar [[r.AmbientOcclusionMaxQuality:100]]
[2020.08.10-01.34.01:588][  0]LogConfig: Setting CVar [[r.AmbientOcclusionLevels:0]]
[2020.08.10-01.34.01:588][  0]LogConfig: Setting CVar [[r.AmbientOcclusionRadiusScale:1.0]]
[2020.08.10-01.34.01:588][  0]LogConfig: Setting CVar [[r.DepthOfFieldQuality:0]]
[2020.08.10-01.34.01:588][  0]LogConfig: Setting CVar [[r.RenderTargetPoolMin:400]]
[2020.08.10-01.34.01:588][  0]LogConfig: Setting CVar [[r.LensFlareQuality:0]]
[2020.08.10-01.34.01:588][  0]LogConfig: Setting CVar [[r.SceneColorFringeQuality:0]]
[2020.08.10-01.34.01:588][  0]LogConfig: Setting CVar [[r.EyeAdaptationQuality:2]]
[2020.08.10-01.34.01:588][  0]LogConfig: Setting CVar [[r.BloomQuality:1]]
[2020.08.10-01.34.01:588][  0]LogConfig: Setting CVar [[r.FastBlurThreshold:0]]
[2020.08.10-01.34.01:588][  0]LogConfig: Setting CVar [[r.Upscale.Quality:3]]
[2020.08.10-01.34.01:588][  0]LogConfig: Setting CVar [[r.Tonemapper.GrainQuantization:1]]
[2020.08.10-01.34.01:588][  0]LogConfig: Setting CVar [[r.LightShaftQuality:1]]
[2020.08.10-01.34.01:588][  0]LogConfig: Setting CVar [[r.Filter.SizeScale:1]]
[2020.08.10-01.34.01:588][  0]LogConfig: Setting CVar [[r.Tonemapper.Quality:5]]
[2020.08.10-01.34.01:588][  0]LogConfig: Setting CVar [[r.DOF.Gather.AccumulatorQuality:1        ; higher gathering accumulator quality]]
[2020.08.10-01.34.01:588][  0]LogConfig: Setting CVar [[r.DOF.Gather.PostfilterMethod:1          ; Median3x3 postfilering method]]
[2020.08.10-01.34.01:588][  0]LogConfig: Setting CVar [[r.DOF.Gather.EnableBokehSettings:0       ; no bokeh simulation when gathering]]
[2020.08.10-01.34.01:589][  0]LogConfig: Setting CVar [[r.DOF.Gather.RingCount:4                 ; medium number of samples when gathering]]
[2020.08.10-01.34.01:589][  0]LogConfig: Setting CVar [[r.DOF.Scatter.ForegroundCompositing:1    ; additive foreground scattering]]
[2020.08.10-01.34.01:589][  0]LogConfig: Setting CVar [[r.DOF.Scatter.BackgroundCompositing:2    ; additive background scattering]]
[2020.08.10-01.34.01:589][  0]LogConfig: Setting CVar [[r.DOF.Scatter.EnableBokehSettings:1      ; bokeh simulation when scattering]]
[2020.08.10-01.34.01:589][  0]LogConfig: Setting CVar [[r.DOF.Scatter.MaxSpriteRatio:0.1         ; only a maximum of 10% of scattered bokeh]]
[2020.08.10-01.34.01:589][  0]LogConfig: Setting CVar [[r.DOF.Recombine.Quality:1                ; cheap slight out of focus]]
[2020.08.10-01.34.01:589][  0]LogConfig: Setting CVar [[r.DOF.Recombine.EnableBokehSettings:0    ; no bokeh simulation on slight out of focus]]
[2020.08.10-01.34.01:589][  0]LogConfig: Setting CVar [[r.DOF.TemporalAAQuality:1                ; more stable temporal accumulation]]
[2020.08.10-01.34.01:589][  0]LogConfig: Setting CVar [[r.DOF.Kernel.MaxForegroundRadius:0.025]]
[2020.08.10-01.34.01:589][  0]LogConfig: Setting CVar [[r.DOF.Kernel.MaxBackgroundRadius:0.025]]
[2020.08.10-01.34.01:589][  0]LogConfig: Applying CVar settings from Section [TextureQuality@3] File [../../../VResume/Saved/Config/WindowsNoEditor/Scalability.ini]
[2020.08.10-01.34.01:589][  0]LogConfig: Setting CVar [[r.Streaming.MipBias:0]]
[2020.08.10-01.34.01:589][  0]LogConfig: Setting CVar [[r.Streaming.AmortizeCPUToGPUCopy:0]]
[2020.08.10-01.34.01:589][  0]LogConfig: Setting CVar [[r.Streaming.MaxNumTexturesToStreamPerFrame:0]]
[2020.08.10-01.34.01:589][  0]LogConfig: Setting CVar [[r.Streaming.Boost:1]]
[2020.08.10-01.34.01:589][  0]LogConfig: Setting CVar [[r.MaxAnisotropy:8]]
[2020.08.10-01.34.01:589][  0]LogConfig: Setting CVar [[r.VT.MaxAnisotropy:8]]
[2020.08.10-01.34.01:589][  0]LogConfig: Setting CVar [[r.Streaming.LimitPoolSizeToVRAM:0]]
[2020.08.10-01.34.01:589][  0]LogConfig: Setting CVar [[r.Streaming.PoolSize:1000]]
[2020.08.10-01.34.01:589][  0]LogConfig: Setting CVar [[r.Streaming.MaxEffectiveScreenSize:0]]
[2020.08.10-01.34.01:589][  0]LogConfig: Applying CVar settings from Section [EffectsQuality@3] File [../../../VResume/Saved/Config/WindowsNoEditor/Scalability.ini]
[2020.08.10-01.34.01:589][  0]LogConfig: Setting CVar [[r.TranslucencyLightingVolumeDim:4]]
[2020.08.10-01.34.01:589][  0]LogConfig: Setting CVar [[r.RefractionQuality:2]]
[2020.08.10-01.34.01:589][  0]LogConfig: Setting CVar [[r.SSR.Quality:0]]
[2020.08.10-01.34.01:589][  0]LogConfig: Setting CVar [[r.SSR.HalfResSceneColor:0]]
[2020.08.10-01.34.01:589][  0]LogConfig: Setting CVar [[r.SceneColorFormat:2]]
[2020.08.10-01.34.01:589][  0]LogConfig: Setting CVar [[r.DetailMode:2]]
[2020.08.10-01.34.01:589][  0]LogConfig: Setting CVar [[r.TranslucencyVolumeBlur:0]]
[2020.08.10-01.34.01:589][  0]LogConfig: Setting CVar [[r.MaterialQualityLevel:1 ; High quality]]
[2020.08.10-01.34.01:589][  0]LogConfig: Setting CVar [[r.SSS.Scale:1]]
[2020.08.10-01.34.01:589][  0]LogConfig: Setting CVar [[r.SSS.SampleSet:2]]
[2020.08.10-01.34.01:589][  0]LogConfig: Setting CVar [[r.SSS.Quality:1]]
[2020.08.10-01.34.01:589][  0]LogConfig: Setting CVar [[r.SSS.HalfRes:1]]
[2020.08.10-01.34.01:589][  0]LogConfig: Setting CVar [[r.SSGI.Quality:3]]
[2020.08.10-01.34.01:589][  0]LogConfig: Setting CVar [[r.EmitterSpawnRateScale:1.0]]
[2020.08.10-01.34.01:589][  0]LogConfig: Setting CVar [[r.ParticleLightQuality:2]]
[2020.08.10-01.34.01:589][  0]LogConfig: Setting CVar [[r.DetailLevel:3]]
[2020.08.10-01.34.01:589][  0]LogConfig: Setting CVar [[r.SkyAtmosphere.AerialPerspectiveLUT.FastApplyOnOpaque:1 ; Always have FastSkyLUT 1 in this case to avoid wrong sky]]
[2020.08.10-01.34.01:589][  0]LogConfig: Setting CVar [[r.SkyAtmosphere.AerialPerspectiveLUT.SampleCountPerSlice:1]]
[2020.08.10-01.34.01:589][  0]LogConfig: Setting CVar [[r.SkyAtmosphere.AerialPerspectiveLUT.DepthResolution:16.0]]
[2020.08.10-01.34.01:589][  0]LogConfig: Setting CVar [[r.SkyAtmosphere.FastSkyLUT:1]]
[2020.08.10-01.34.01:589][  0]LogConfig: Setting CVar [[r.SkyAtmosphere.FastSkyLUT.SampleCountMin:4.0]]
[2020.08.10-01.34.01:589][  0]LogConfig: Setting CVar [[r.SkyAtmosphere.FastSkyLUT.SampleCountMax:32.0]]
[2020.08.10-01.34.01:589][  0]LogConfig: Setting CVar [[r.SkyAtmosphere.SampleCountMin:4.0]]
[2020.08.10-01.34.01:589][  0]LogConfig: Setting CVar [[r.SkyAtmosphere.SampleCountMax:32.0]]
[2020.08.10-01.34.01:589][  0]LogConfig: Setting CVar [[r.SkyAtmosphere.TransmittanceLUT.UseSmallFormat:0]]
[2020.08.10-01.34.01:589][  0]LogConfig: Setting CVar [[r.SkyAtmosphere.TransmittanceLUT.SampleCount:10.0]]
[2020.08.10-01.34.01:589][  0]LogConfig: Setting CVar [[r.SkyAtmosphere.MultiScatteringLUT.SampleCount:15.0]]
[2020.08.10-01.34.01:589][  0]LogConfig: Setting CVar [[fx.NiagaraGlobalSpawnCountScale:1.0]]
[2020.08.10-01.34.01:589][  0]LogConfig: Applying CVar settings from Section [FoliageQuality@3] File [../../../VResume/Saved/Config/WindowsNoEditor/Scalability.ini]
[2020.08.10-01.34.01:589][  0]LogConfig: Setting CVar [[foliage.DensityScale:1.0]]
[2020.08.10-01.34.01:589][  0]LogConfig: Setting CVar [[grass.DensityScale:1.0]]
[2020.08.10-01.34.01:589][  0]LogConfig: Applying CVar settings from Section [ShadingQuality@3] File [../../../VResume/Saved/Config/WindowsNoEditor/Scalability.ini]
[2020.08.10-01.34.01:589][  0]LogConfig: Setting CVar [[r.HairStrands.SkyLighting.SampleCount:16]]
[2020.08.10-01.34.01:589][  0]LogConfig: Setting CVar [[r.HairStrands.SkyLighting.JitterIntegration:0]]
[2020.08.10-01.34.01:589][  0]LogConfig: Setting CVar [[r.HairStrands.SkyAO.SampleCount:16]]
[2020.08.10-01.34.01:589][  0]LogConfig: Applying CVar settings from Section [Startup] File [../../../Engine/Config/ConsoleVariables.ini]
[2020.08.10-01.34.01:589][  0]LogConfig: Setting CVar [[net.UseAdaptiveNetUpdateFrequency:0]]
[2020.08.10-01.34.01:589][  0]LogConfig: Setting CVar [[p.chaos.AllowCreatePhysxBodies:1]]
[2020.08.10-01.34.01:589][  0]LogConfig: Setting CVar [[fx.SkipVectorVMBackendOptimizations:1]]
[2020.08.10-01.34.01:589][  0]LogConfig: Applying CVar settings from Section [ConsoleVariables] File [../../../VResume/Saved/Config/WindowsNoEditor/Engine.ini]
[2020.08.10-01.34.01:589][  0]LogInit: Computer: SLAVE1
[2020.08.10-01.34.01:589][  0]LogInit: User: JacobEdelen
[2020.08.10-01.34.01:589][  0]LogInit: CPU Page size=4096, Cores=6
[2020.08.10-01.34.01:589][  0]LogInit: High frequency timer resolution =10.000000 MHz
[2020.08.10-01.34.01:590][  0]LogMemory: Memory total: Physical=15.9GB (16GB approx)
[2020.08.10-01.34.01:590][  0]LogMemory: Platform Memory Stats for WindowsNoEditor
[2020.08.10-01.34.01:590][  0]LogMemory: Process Physical Memory: 63.81 MB used, 63.81 MB peak
[2020.08.10-01.34.01:590][  0]LogMemory: Process Virtual Memory: 72.24 MB used, 72.24 MB peak
[2020.08.10-01.34.01:590][  0]LogMemory: Physical Memory: 7845.10 MB used,  8473.25 MB free, 16318.35 MB total
[2020.08.10-01.34.01:590][  0]LogMemory: Virtual Memory: 4960.38 MB used,  134212768.00 MB free, 134217728.00 MB total
[2020.08.10-01.34.01:591][  0]LogWindows: WindowsPlatformFeatures enabled
[2020.08.10-01.34.02:473][  0]LogInit: Using OS detected language (en-US).
[2020.08.10-01.34.02:473][  0]LogInit: Using OS detected locale (en-US).
[2020.08.10-01.34.02:489][  0]LogTextLocalizationManager: No specific localization for 'en-US' exists, so the 'en' localization will be used.
[2020.08.10-01.34.02:571][  0]LogSlate: New Slate User Created.  User Index 0, Is Virtual User: 0
[2020.08.10-01.34.02:571][  0]LogSlate: Slate User Registered.  User Index 0, Is Virtual User: 0
[2020.08.10-01.34.03:139][  0]LogD3D11RHI: D3D11 min allowed feature level: 11_0
[2020.08.10-01.34.03:139][  0]LogD3D11RHI: D3D11 max allowed feature level: 11_0
[2020.08.10-01.34.03:139][  0]LogD3D11RHI: D3D11 adapters:
[2020.08.10-01.34.03:273][  0]LogD3D11RHI:    0. 'NVIDIA GeForce GTX 1070' (Feature Level 11_0)
[2020.08.10-01.34.03:273][  0]LogD3D11RHI:       8088/0/8159 MB DedicatedVideo/DedicatedSystem/SharedSystem, Outputs:1, VendorId:0x10de
[2020.08.10-01.34.03:276][  0]LogD3D11RHI:    1. 'Microsoft Basic Render Driver' (Feature Level 11_0)
[2020.08.10-01.34.03:276][  0]LogD3D11RHI:       0/0/8159 MB DedicatedVideo/DedicatedSystem/SharedSystem, Outputs:0, VendorId:0x1414
[2020.08.10-01.34.03:276][  0]LogD3D11RHI: Chosen D3D11 Adapter: 0
[2020.08.10-01.34.03:593][  0]LogD3D11RHI: Creating new Direct3DDevice
[2020.08.10-01.34.03:618][  0]LogD3D11RHI:     GPU DeviceId: 0x1b81 (for the marketing name, search the web for "GPU Device Id")
[2020.08.10-01.34.03:618][  0]LogWindows: EnumDisplayDevices:
[2020.08.10-01.34.03:618][  0]LogWindows:    0. 'NVIDIA GeForce GTX 1070' (P:1 D:1)
[2020.08.10-01.34.03:618][  0]LogWindows:    1. 'NVIDIA GeForce GTX 1070' (P:0 D:0)
[2020.08.10-01.34.03:619][  0]LogWindows:    2. 'NVIDIA GeForce GTX 1070' (P:0 D:0)
[2020.08.10-01.34.03:619][  0]LogWindows:    3. 'NVIDIA GeForce GTX 1070' (P:0 D:0)
[2020.08.10-01.34.03:619][  0]LogWindows: DebugString: FoundDriverCount:4 
[2020.08.10-01.34.03:619][  0]LogD3D11RHI:     Adapter Name: NVIDIA GeForce GTX 1070
[2020.08.10-01.34.03:619][  0]LogD3D11RHI:   Driver Version: 432.00 (internal:26.21.14.3200, unified:432.00)
[2020.08.10-01.34.03:619][  0]LogD3D11RHI:      Driver Date: 7-24-2019
[2020.08.10-01.34.03:619][  0]LogRHI: Texture pool is 5661 MB (70% of 8088 MB)
[2020.08.10-01.34.03:703][  0]LogD3D11RHI: RHI has support for 64 bit atomics
[2020.08.10-01.34.03:704][  0]LogD3D11RHI: Async texture creation enabled
[2020.08.10-01.34.03:773][  0]LogD3D11RHI: GPU Timing Frequency: 1000.000000 (Debug: 2 1)
[2020.08.10-01.34.03:903][  0]LogMaterial: Verifying Global Shaders for PCD3D_SM5
[2020.08.10-01.34.03:960][  0]LogSlate: Using FreeType 2.10.0
[2020.08.10-01.34.03:960][  0]LogSlate: SlateFontServices - WITH_FREETYPE: 1, WITH_HARFBUZZ: 1
[2020.08.10-01.34.04:112][  0]LogInit: Using OS detected language (en-US).
[2020.08.10-01.34.04:112][  0]LogInit: Using OS detected locale (en-US).
[2020.08.10-01.34.04:112][  0]LogTextLocalizationManager: No localization for 'en-US' exists, so 'en' will be used for the language.
[2020.08.10-01.34.04:112][  0]LogTextLocalizationManager: No localization for 'en-US' exists, so 'en' will be used for the locale.
[2020.08.10-01.34.04:112][  0]LogSlate: FontCache flush requested. Reason: Culture for localization was changed
[2020.08.10-01.34.04:112][  0]LogSlate: FontCache flush requested. Reason: Culture for localization was changed
[2020.08.10-01.34.04:112][  0]LogTextLocalizationManager: Compacting localization data took   0.42ms
[2020.08.10-01.34.04:123][  0]LogAssetRegistry: FAssetRegistry took 0.0091 seconds to start up
[2020.08.10-01.34.04:577][  0]LogStreaming: Display: Flushing async loaders.
[2020.08.10-01.34.04:608][  0]LogPackageLocalizationCache: Processed 11 localized package path(s) for 1 prioritized culture(s) in 0.001186 seconds
[2020.08.10-01.34.04:608][  0]LogPakFile: New pak file ../../../VResume/Content/Paks/VResume-WindowsNoEditor.pak added to pak precacher.
[2020.08.10-01.34.04:723][  0]LogInit: Selected Device Profile: [WindowsNoEditor]
[2020.08.10-01.34.05:080][  0]LogNetVersion: VResume 1.0.0, NetCL: 10570792, EngineNetVer: 13, GameNetVer: 0 (Checksum: 1135225079)
[2020.08.10-01.34.05:425][  0]LogAudioCaptureCore: Display: No Audio Capture implementations found. Audio input will be silent.
[2020.08.10-01.34.05:425][  0]LogAudioCaptureCore: Display: No Audio Capture implementations found. Audio input will be silent.
[2020.08.10-01.34.05:860][  0]LogMoviePlayer: Initializing movie player
[2020.08.10-01.34.05:889][  0]LogAkAudio: Wwise(R) SDK Version 2019.2.4 Build 7329. Copyright (c) 2006-2019 Audiokinetic Inc.
[2020.08.10-01.34.05:948][  0]LogAkWaapiClient: Successfully connected to Wwise Authoring on localhost.
[2020.08.10-01.34.05:948][  0]LogAkAudio: Wwise plug-in DLL path: C:/Users/Jacob Edelen/Documents/Unreal Projects/VResume/Builds/8-9-2020/WindowsNoEditor/VResume/Plugins/Wwise/ThirdParty/x64_vc160/Profile/bin/
[2020.08.10-01.34.06:248][  0]LogAkAudio: Wwise remote connection application name: VResume
[2020.08.10-01.34.06:248][  0]LogAkAudio: Wwise successfully initialized.
[2020.08.10-01.34.06:277][  0]LogAkAudio: Initialization complete.
[2020.08.10-01.34.06:277][  0]LogInit: Audiokinetic Audio Device initialized.
[2020.08.10-01.34.06:318][  0]LogAndroidPermission: UAndroidPermissionCallbackProxy::GetInstance
[2020.08.10-01.34.06:320][  0]LogOcInput: OculusInput pre-init called
[2020.08.10-01.34.06:326][  0]LogUObjectArray: 45296 objects as part of root set at end of initial load.
[2020.08.10-01.34.06:326][  0]LogUObjectArray: 2 objects are not in the root set, but can never be destroyed because they are in the DisregardForGC set.
[2020.08.10-01.34.06:326][  0]LogUObjectAllocator: 6737536 out of 0 bytes used by permanent object pool.
[2020.08.10-01.34.06:326][  0]LogUObjectArray: CloseDisregardForGC: 45296/45296 objects in disregard for GC pool
[2020.08.10-01.34.06:332][  0]LogEngine: Initializing Engine...
[2020.08.10-01.34.06:334][  0]LogHMD: SteamVR initialized.  Driver: lighthouse  Display: LHR-7CE476F6
[2020.08.10-01.34.06:339][  0]LogStats: UGameplayTagsManager::InitializeManager -  0.002 s
[2020.08.10-01.34.06:789][  0]LogPakFile: Precache HighWater 16MB

[2020.08.10-01.34.06:789][  0]LogPakFile: Precache HighWater 32MB

[2020.08.10-01.34.06:789][  0]LogInit: Initializing FReadOnlyCVARCache
[2020.08.10-01.34.06:813][  0]LogAudioMixer: Display: Audio Mixer Platform Settings:
[2020.08.10-01.34.06:813][  0]LogAudioMixer: Display: 	Sample Rate:						  48000
[2020.08.10-01.34.06:813][  0]LogAudioMixer: Display: 	Callback Buffer Frame Size Requested: 1024
[2020.08.10-01.34.06:813][  0]LogAudioMixer: Display: 	Callback Buffer Frame Size To Use:	  1024
[2020.08.10-01.34.06:813][  0]LogAudioMixer: Display: 	Number of buffers to queue:			  2
[2020.08.10-01.34.06:813][  0]LogAudioMixer: Display: 	Max Channels (voices):				  32
[2020.08.10-01.34.06:813][  0]LogAudioMixer: Display: 	Number of Async Source Workers:		  0
[2020.08.10-01.34.06:814][  0]LogAudio: Display: AudioDevice MaxSources: 32
[2020.08.10-01.34.06:815][  0]LogAudio: Display: Using built-in audio occlusion.
[2020.08.10-01.34.06:815][  0]LogAudioMixer: Display: Initializing audio mixer.
[2020.08.10-01.34.06:953][  0]LogAudioDebug: Display: Lib vorbis DLL was dynamically loaded.
[2020.08.10-01.34.07:000][  0]LogAudioMixer: Display: Audio Device Output Speaker Info:
[2020.08.10-01.34.07:000][  0]LogAudioMixer: Display: Name: HTC-VIVE (NVIDIA High Definition Audio)
[2020.08.10-01.34.07:000][  0]LogAudioMixer: Display: Is Default: Yes
[2020.08.10-01.34.07:000][  0]LogAudioMixer: Display: Sample Rate: 48000
[2020.08.10-01.34.07:000][  0]LogAudioMixer: Display: Channel Count Used: 2
[2020.08.10-01.34.07:000][  0]LogAudioMixer: Display: Device Channel Count: 2
[2020.08.10-01.34.07:000][  0]LogAudioMixer: Display: Channel Order:
[2020.08.10-01.34.07:001][  0]LogAudioMixer: Display: 0: FrontLeft
[2020.08.10-01.34.07:001][  0]LogAudioMixer: Display: 1: FrontRight
[2020.08.10-01.34.07:018][  0]LogAudioMixer: Display: Using Audio Device HTC-VIVE (NVIDIA High Definition Audio)
[2020.08.10-01.34.07:022][  0]LogInit: FAudioDevice initialized.
[2020.08.10-01.34.07:025][  0]LogNetVersion: Set ProjectVersion to 1.0.0.0. Version Checksum will be recalculated on next use.
[2020.08.10-01.34.07:025][  0]LogInit: Texture streaming: Enabled
[2020.08.10-01.34.07:031][  0]LogConsoleManager: Warning: Setting the console variable 'r.VSync' with 'SetByGameSetting' was ignored as it is lower priority than the previous 'SetByCode'. Value remains '0'
[2020.08.10-01.34.07:208][  0]LogSlate: Updating window title bar state: overlay mode, drag disabled, window buttons hidden, title bar hidden
[2020.08.10-01.34.07:211][  0]LogInit: Display: Game Engine Initialized.
[2020.08.10-01.34.07:212][  0]LogInit: Display: Starting Game.
[2020.08.10-01.34.07:213][  0]LogNet: Browse: /Game/Map/Presentation?Name=Player
[2020.08.10-01.34.07:213][  0]LogLoad: LoadMap: /Game/Map/Presentation?Name=Player
[2020.08.10-01.34.07:213][  0]LogWorld: BeginTearingDown for /Temp/Untitled_0
[2020.08.10-01.34.07:244][  0]LogWorld: UWorld::CleanupWorld for Untitled, bSessionEnded=true, bCleanupResources=true
[2020.08.10-01.34.07:246][  0]LogSlate: InvalidateAllWidgets triggered.  All widgets were invalidated
[2020.08.10-01.34.07:252][  0]LogAudioMixer: Display: No commands were queued while flushing the source manager.
[2020.08.10-01.34.07:256][  0]LogUObjectHash: Compacting FUObjectHashTables data took   1.83ms
[2020.08.10-01.34.08:161][  0]LogPakFile: Precache HighWater 48MB

[2020.08.10-01.34.08:161][  0]LogStaticMesh: [Lightsaber] Mesh is marked for CPU read.
[2020.08.10-01.34.08:556][  0]LogAIModule: Creating AISystem for world Presentation
[2020.08.10-01.34.08:557][  0]LogLoad: Game class is 'GameModeBase'
[2020.08.10-01.34.08:673][  0]LogPhysics: Warning: Scale for /Game/Map/Presentation.Presentation:PersistentLevel.HiddenSaber_GEN_VARIABLE_LightSaber_C_CAT_2319.saber has a component set to zero, which will result in a bad body instance. Scale:X=1.000 Y=0.000 Z=1.000
[2020.08.10-01.34.08:673][  0]LogPhysics: Warning: PopulatePhysXGeometryAndTransform(Convex): ConvexElem has invalid transform
[2020.08.10-01.34.08:673][  0]LogPhysics: Warning: ForeachShape(Convex): ScaledElem[0] invalid
[2020.08.10-01.34.08:673][  0]LogWorld: Bringing World /Game/Map/Presentation.Presentation up for play (max tick rate 0) at 2020.08.09-21.34.08
[2020.08.10-01.34.08:674][  0]LogWorld: Bringing up level for play took: 0.115493
[2020.08.10-01.34.08:677][  0]LogGameMode: FindPlayerStart: PATHS NOT DEFINED or NO PLAYERSTART with positive rating
[2020.08.10-01.34.08:833][  0]LogLoad: Took 1.619486 seconds to LoadMap(/Game/Map/Presentation)
[2020.08.10-01.34.08:863][  0]LogLoad: (Engine Initialization) Total time: 8.29 seconds
[2020.08.10-01.34.08:879][  0]LogRenderer: Reallocating scene render targets to support 1920x1080 Format 26 NumSamples 1 (Frame:1).
[2020.08.10-01.34.08:962][  0]LogSteamVRInputDevice: Display: SteamVR runtime 1.5.17 loaded.
[2020.08.10-01.34.08:963][  0]LogSteamVRInputDevice: Display: Action Manifest Path: ../../../VResume/Config/SteamVRBindings/steamvr_manifest.json
[2020.08.10-01.34.08:963][  0]LogSteamVRInputDevice: Display: Controller Bindings Path: ../../../VResume/Config/SteamVRBindings
[2020.08.10-01.34.08:966][  0]LogSteamVRInputDevice: Searching for Controller Bindings files at: ../../../VResume/Config/SteamVRBindings
[2020.08.10-01.34.09:313][  0]LogSteamVRInputDevice: Display: [STEAMVR INPUT] Trying to load Action Manifest from: C:\Users\Jacob Edelen\Documents\Unreal Projects\VResume\Builds\8-9-2020\WindowsNoEditor\VResume\Config\SteamVRBindings\steamvr_manifest.json
[2020.08.10-01.34.09:340][  0]LogSteamVRInputDevice: Display: [STEAMVR INPUT] Setting Action Manifest Path Result: Success
[2020.08.10-01.34.09:340][  0]LogSteamVRInputDevice: Display: [STEAMVR INPUT] Setting main action set: Success
[2020.08.10-01.34.09:340][  0]LogSteamVRInputDevice: Display: Retrieving Action Handle: /actions/main/in/controllerleft
[2020.08.10-01.34.09:340][  0]LogSteamVRInputDevice: Display: [STEAMVR INPUT] Setting Action Handle Path Result: Success
[2020.08.10-01.34.09:340][  0]LogSteamVRInputDevice: Display: Retrieving Action Handle: /actions/main/in/controllerright
[2020.08.10-01.34.09:340][  0]LogSteamVRInputDevice: Display: [STEAMVR INPUT] Setting Action Handle Path Result: Success
[2020.08.10-01.34.09:340][  0]LogSteamVRInputDevice: Display: Retrieving Action Handle: /actions/main/in/special1
[2020.08.10-01.34.09:340][  0]LogSteamVRInputDevice: Display: [STEAMVR INPUT] Setting Action Handle Path Result: Success
[2020.08.10-01.34.09:340][  0]LogSteamVRInputDevice: Display: Retrieving Action Handle: /actions/main/in/special2
[2020.08.10-01.34.09:340][  0]LogSteamVRInputDevice: Display: [STEAMVR INPUT] Setting Action Handle Path Result: Success
[2020.08.10-01.34.09:340][  0]LogSteamVRInputDevice: Display: Retrieving Action Handle: /actions/main/in/special3
[2020.08.10-01.34.09:340][  0]LogSteamVRInputDevice: Display: [STEAMVR INPUT] Setting Action Handle Path Result: Success
[2020.08.10-01.34.09:341][  0]LogSteamVRInputDevice: Display: Retrieving Action Handle: /actions/main/in/special4
[2020.08.10-01.34.09:341][  0]LogSteamVRInputDevice: Display: [STEAMVR INPUT] Setting Action Handle Path Result: Success
[2020.08.10-01.34.09:341][  0]LogSteamVRInputDevice: Display: Retrieving Action Handle: /actions/main/in/special5
[2020.08.10-01.34.09:341][  0]LogSteamVRInputDevice: Display: [STEAMVR INPUT] Setting Action Handle Path Result: Success
[2020.08.10-01.34.09:341][  0]LogSteamVRInputDevice: Display: Retrieving Action Handle: /actions/main/in/special6
[2020.08.10-01.34.09:341][  0]LogSteamVRInputDevice: Display: [STEAMVR INPUT] Setting Action Handle Path Result: Success
[2020.08.10-01.34.09:341][  0]LogSteamVRInputDevice: Display: Retrieving Action Handle: /actions/main/in/special7
[2020.08.10-01.34.09:341][  0]LogSteamVRInputDevice: Display: [STEAMVR INPUT] Setting Action Handle Path Result: Success
[2020.08.10-01.34.09:341][  0]LogSteamVRInputDevice: Display: Retrieving Action Handle: /actions/main/in/special8
[2020.08.10-01.34.09:341][  0]LogSteamVRInputDevice: Display: [STEAMVR INPUT] Setting Action Handle Path Result: Success
[2020.08.10-01.34.09:341][  0]LogSteamVRInputDevice: Display: Retrieving Action Handle: /actions/main/in/skeletonleft
[2020.08.10-01.34.09:341][  0]LogSteamVRInputDevice: Display: [STEAMVR INPUT] Setting Action Handle Path Result: Success
[2020.08.10-01.34.09:341][  0]LogSteamVRInputDevice: Display: Retrieving Action Handle: /actions/main/in/skeletonright
[2020.08.10-01.34.09:341][  0]LogSteamVRInputDevice: Display: [STEAMVR INPUT] Setting Action Handle Path Result: Success
[2020.08.10-01.34.09:341][  0]LogSteamVRInputDevice: Display: Retrieving Action Handle: /actions/main/out/vibrateleft
[2020.08.10-01.34.09:341][  0]LogSteamVRInputDevice: Display: [STEAMVR INPUT] Setting Action Handle Path Result: Success
[2020.08.10-01.34.09:342][  0]LogSteamVRInputDevice: Display: Retrieving Action Handle: /actions/main/out/vibrateright
[2020.08.10-01.34.09:342][  0]LogSteamVRInputDevice: Display: [STEAMVR INPUT] Setting Action Handle Path Result: Success
[2020.08.10-01.34.09:342][  0]LogSteamVRInputDevice: Display: Retrieving Action Handle: /actions/main/in/open_console
[2020.08.10-01.34.09:342][  0]LogSteamVRInputDevice: Display: [STEAMVR INPUT] Setting Action Handle Path Result: Success
[2020.08.10-01.34.09:342][  0]LogSteamVRInputDevice: Display: Retrieving Action Handle: /actions/main/in/TeleportRight
[2020.08.10-01.34.09:342][  0]LogSteamVRInputDevice: Display: [STEAMVR INPUT] Setting Action Handle Path Result: Success
[2020.08.10-01.34.09:342][  0]LogSteamVRInputDevice: Display: Retrieving Action Handle: /actions/main/in/TeleportRight
[2020.08.10-01.34.09:342][  0]LogSteamVRInputDevice: Display: [STEAMVR INPUT] Setting Action Handle Path Result: Success
[2020.08.10-01.34.09:342][  0]LogSteamVRInputDevice: Display: Retrieving Action Handle: /actions/main/in/TeleportRight
[2020.08.10-01.34.09:342][  0]LogSteamVRInputDevice: Display: [STEAMVR INPUT] Setting Action Handle Path Result: Success
[2020.08.10-01.34.09:342][  0]LogSteamVRInputDevice: Display: Retrieving Action Handle: /actions/main/in/TeleportRight
[2020.08.10-01.34.09:342][  0]LogSteamVRInputDevice: Display: [STEAMVR INPUT] Setting Action Handle Path Result: Success
[2020.08.10-01.34.09:342][  0]LogSteamVRInputDevice: Display: Retrieving Action Handle: /actions/main/in/TeleportRight
[2020.08.10-01.34.09:342][  0]LogSteamVRInputDevice: Display: [STEAMVR INPUT] Setting Action Handle Path Result: Success
[2020.08.10-01.34.09:342][  0]LogSteamVRInputDevice: Display: Retrieving Action Handle: /actions/main/in/TeleportRight
[2020.08.10-01.34.09:342][  0]LogSteamVRInputDevice: Display: [STEAMVR INPUT] Setting Action Handle Path Result: Success
[2020.08.10-01.34.09:342][  0]LogSteamVRInputDevice: Display: Retrieving Action Handle: /actions/main/in/TeleportLeft
[2020.08.10-01.34.09:342][  0]LogSteamVRInputDevice: Display: [STEAMVR INPUT] Setting Action Handle Path Result: Success
[2020.08.10-01.34.09:342][  0]LogSteamVRInputDevice: Display: Retrieving Action Handle: /actions/main/in/TeleportLeft
[2020.08.10-01.34.09:342][  0]LogSteamVRInputDevice: Display: [STEAMVR INPUT] Setting Action Handle Path Result: Success
[2020.08.10-01.34.09:342][  0]LogSteamVRInputDevice: Display: Retrieving Action Handle: /actions/main/in/TeleportLeft
[2020.08.10-01.34.09:342][  0]LogSteamVRInputDevice: Display: [STEAMVR INPUT] Setting Action Handle Path Result: Success
[2020.08.10-01.34.09:342][  0]LogSteamVRInputDevice: Display: Retrieving Action Handle: /actions/main/in/TeleportLeft
[2020.08.10-01.34.09:342][  0]LogSteamVRInputDevice: Display: [STEAMVR INPUT] Setting Action Handle Path Result: Success
[2020.08.10-01.34.09:342][  0]LogSteamVRInputDevice: Display: Retrieving Action Handle: /actions/main/in/TeleportLeft
[2020.08.10-01.34.09:342][  0]LogSteamVRInputDevice: Display: [STEAMVR INPUT] Setting Action Handle Path Result: Success
[2020.08.10-01.34.09:342][  0]LogSteamVRInputDevice: Display: Retrieving Action Handle: /actions/main/in/TeleportLeft
[2020.08.10-01.34.09:342][  0]LogSteamVRInputDevice: Display: [STEAMVR INPUT] Setting Action Handle Path Result: Success
[2020.08.10-01.34.09:342][  0]LogSteamVRInputDevice: Display: Retrieving Action Handle: /actions/main/in/GrabLeft
[2020.08.10-01.34.09:342][  0]LogSteamVRInputDevice: Display: [STEAMVR INPUT] Setting Action Handle Path Result: Success
[2020.08.10-01.34.09:342][  0]LogSteamVRInputDevice: Display: Retrieving Action Handle: /actions/main/in/GrabLeft
[2020.08.10-01.34.09:342][  0]LogSteamVRInputDevice: Display: [STEAMVR INPUT] Setting Action Handle Path Result: Success
[2020.08.10-01.34.09:342][  0]LogSteamVRInputDevice: Display: Retrieving Action Handle: /actions/main/in/GrabLeft
[2020.08.10-01.34.09:342][  0]LogSteamVRInputDevice: Display: [STEAMVR INPUT] Setting Action Handle Path Result: Success
[2020.08.10-01.34.09:342][  0]LogSteamVRInputDevice: Display: Retrieving Action Handle: /actions/main/in/GrabLeft
[2020.08.10-01.34.09:342][  0]LogSteamVRInputDevice: Display: [STEAMVR INPUT] Setting Action Handle Path Result: Success
[2020.08.10-01.34.09:342][  0]LogSteamVRInputDevice: Display: Retrieving Action Handle: /actions/main/in/GrabRight
[2020.08.10-01.34.09:342][  0]LogSteamVRInputDevice: Display: [STEAMVR INPUT] Setting Action Handle Path Result: Success
[2020.08.10-01.34.09:342][  0]LogSteamVRInputDevice: Display: Retrieving Action Handle: /actions/main/in/GrabRight
[2020.08.10-01.34.09:342][  0]LogSteamVRInputDevice: Display: [STEAMVR INPUT] Setting Action Handle Path Result: Success
[2020.08.10-01.34.09:342][  0]LogSteamVRInputDevice: Display: Retrieving Action Handle: /actions/main/in/GrabRight
[2020.08.10-01.34.09:342][  0]LogSteamVRInputDevice: Display: [STEAMVR INPUT] Setting Action Handle Path Result: Success
[2020.08.10-01.34.09:343][  0]LogSteamVRInputDevice: Display: Retrieving Action Handle: /actions/main/in/GrabRight
[2020.08.10-01.34.09:343][  0]LogSteamVRInputDevice: Display: [STEAMVR INPUT] Setting Action Handle Path Result: Success
[2020.08.10-01.34.09:343][  0]LogSteamVRInputDevice: Display: Retrieving Action Handle: /actions/main/in/ShootRight
[2020.08.10-01.34.09:343][  0]LogSteamVRInputDevice: Display: [STEAMVR INPUT] Setting Action Handle Path Result: Success
[2020.08.10-01.34.09:343][  0]LogSteamVRInputDevice: Display: Retrieving Action Handle: /actions/main/in/ShootLeft
[2020.08.10-01.34.09:343][  0]LogSteamVRInputDevice: Display: [STEAMVR INPUT] Setting Action Handle Path Result: Success
[2020.08.10-01.34.09:343][  0]LogSteamVRInputDevice: Display: Retrieving Action Handle: /actions/main/in/MotionControllerThumbLeft_X,MotionControllerThumbLeft_Y X Y_axis2d
[2020.08.10-01.34.09:343][  0]LogSteamVRInputDevice: Display: [STEAMVR INPUT] Setting Action Handle Path Result: Success
[2020.08.10-01.34.09:343][  0]LogSteamVRInputDevice: Display: Retrieving Action Handle: /actions/main/in/MotionControllerThumbLeft_X,MotionControllerThumbLeft_Y X Y_axis2d
[2020.08.10-01.34.09:343][  0]LogSteamVRInputDevice: Display: [STEAMVR INPUT] Setting Action Handle Path Result: Success
[2020.08.10-01.34.09:343][  0]LogSteamVRInputDevice: Display: Retrieving Action Handle: /actions/main/in/MotionControllerThumbLeft_X,MotionControllerThumbLeft_Y X Y_axis2d
[2020.08.10-01.34.09:343][  0]LogSteamVRInputDevice: Display: [STEAMVR INPUT] Setting Action Handle Path Result: Success
[2020.08.10-01.34.09:343][  0]LogSteamVRInputDevice: Display: Retrieving Action Handle: /actions/main/in/MotionControllerThumbLeft_X,MotionControllerThumbLeft_Y X Y_axis2d
[2020.08.10-01.34.09:343][  0]LogSteamVRInputDevice: Display: [STEAMVR INPUT] Setting Action Handle Path Result: Success
[2020.08.10-01.34.09:343][  0]LogSteamVRInputDevice: Display: Retrieving Action Handle: /actions/main/in/MotionControllerThumbRight_X,MotionControllerThumbRight_Y X Y_axis2d
[2020.08.10-01.34.09:343][  0]LogSteamVRInputDevice: Display: [STEAMVR INPUT] Setting Action Handle Path Result: Success
[2020.08.10-01.34.09:343][  0]LogSteamVRInputDevice: Display: Retrieving Action Handle: /actions/main/in/MotionControllerThumbRight_X,MotionControllerThumbRight_Y X Y_axis2d
[2020.08.10-01.34.09:343][  0]LogSteamVRInputDevice: Display: [STEAMVR INPUT] Setting Action Handle Path Result: Success
[2020.08.10-01.34.09:343][  0]LogSteamVRInputDevice: Display: Retrieving Action Handle: /actions/main/in/MotionControllerThumbRight_X,MotionControllerThumbRight_Y X Y_axis2d
[2020.08.10-01.34.09:343][  0]LogSteamVRInputDevice: Display: [STEAMVR INPUT] Setting Action Handle Path Result: Success
[2020.08.10-01.34.09:343][  0]LogSteamVRInputDevice: Display: Retrieving Action Handle: /actions/main/in/MotionControllerThumbRight_X,MotionControllerThumbRight_Y X Y_axis2d
[2020.08.10-01.34.09:343][  0]LogSteamVRInputDevice: Display: [STEAMVR INPUT] Setting Action Handle Path Result: Success
[2020.08.10-01.34.09:367][  0]LogRenderer: Reallocating scene render targets to support 3520x1956 Format 26 NumSamples 1 (Frame:2).
[2020.08.10-01.34.09:381][  0]LogRenderer: Reallocating scene render targets to support 128x128 Format 26 NumSamples 1 (Frame:2).
[2020.08.10-01.34.09:398][  0]LogContentStreaming: Texture pool size now 1000 MB
[2020.08.10-01.34.09:423][  0]LogSlate: InvalidateAllWidgets triggered.  All widgets were invalidated
[2020.08.10-01.34.09:530][  0]LogRenderer: Reallocating scene render targets to support 3520x1956 Format 26 NumSamples 1 (Frame:3).
[2020.08.10-01.34.09:879][  0]LogSlate: Slate font cache was flushed
[2020.08.10-01.39.46:612][776]LogSlate: Took 0.127399 seconds to synchronously load lazily loaded font '../../../Engine/Content/Slate/Fonts/Roboto-Regular.ttf' (155K)
[2020.08.10-01.39.46:617][778]LogProfilingDebugging: Allocated a 1024 x 1024 texture for HMD canvas layer
[2020.08.10-01.39.49:889][  3]Closing by request
[2020.08.10-01.39.49:889][  3]LogWindows: FPlatformMisc::RequestExit(0)
[2020.08.10-01.39.49:889][  3]LogCore: Engine exit requested (reason: Win RequestExit)
[2020.08.10-01.39.49:890][  4]LogCore: Engine exit requested (reason: EngineExit() was called; note: exit was already requested)
[2020.08.10-01.39.49:902][  4]LogAudioMixer: Display: No commands were queued while flushing the source manager.
[2020.08.10-01.39.49:917][  4]LogInit: Display: PreExit Game.
[2020.08.10-01.39.49:921][  4]LogWorld: BeginTearingDown for /Game/Map/Presentation
[2020.08.10-01.39.49:947][  4]LogWorld: UWorld::CleanupWorld for Presentation, bSessionEnded=true, bCleanupResources=true
[2020.08.10-01.39.49:952][  4]LogSlate: InvalidateAllWidgets triggered.  All widgets were invalidated
[2020.08.10-01.39.50:521][  4]LogHMD: SteamVR Shutting down.
[2020.08.10-01.39.50:555][  4]LogSlate: Request Window 'VResume (64-bit Development PCD3D_SM5) ' being destroyed
[2020.08.10-01.39.50:558][  4]LogSlate: Window 'VResume (64-bit Development PCD3D_SM5) ' being destroyed
[2020.08.10-01.39.50:558][  4]LogWindowsTextInputMethodSystem: Display: IME system now deactivated.
[2020.08.10-01.39.50:600][  4]LogExit: Preparing to exit.
[2020.08.10-01.39.52:603][  4]LogMoviePlayer: Shutting down movie player
[2020.08.10-01.39.52:646][  4]LogSlate: Updating window title bar state: overlay mode, drag disabled, window buttons hidden, title bar hidden
[2020.08.10-01.39.52:666][  4]LogDemo: Cleaned up 0 splitscreen connections with owner deletion
[2020.08.10-01.39.52:701][  4]LogExit: Game engine shut down
[2020.08.10-01.39.52:841][  4]LogExit: Object subsystem successfully closed.
[2020.08.10-01.39.52:949][  4]LogModuleManager: Shutting down and abandoning module AutomationController (280)
[2020.08.10-01.39.52:950][  4]LogModuleManager: Shutting down and abandoning module AutomationWorker (278)
[2020.08.10-01.39.52:950][  4]LogModuleManager: Shutting down and abandoning module Voice (276)
[2020.08.10-01.39.52:950][  4]LogModuleManager: Shutting down and abandoning module AIModule (274)
[2020.08.10-01.39.52:950][  4]LogModuleManager: Shutting down and abandoning module GameplayDebugger (273)
[2020.08.10-01.39.52:950][  4]LogModuleManager: Shutting down and abandoning module NavigationSystem (271)
[2020.08.10-01.39.52:950][  4]LogModuleManager: Shutting down and abandoning module WebMMediaFactory (268)
[2020.08.10-01.39.52:950][  4]LogModuleManager: Shutting down and abandoning module WebMMedia (266)
[2020.08.10-01.39.52:950][  4]LogModuleManager: Shutting down and abandoning module OculusMR (264)
[2020.08.10-01.39.52:950][  4]LogModuleManager: Shutting down and abandoning module WmfMediaFactory (262)
[2020.08.10-01.39.52:950][  4]LogModuleManager: Shutting down and abandoning module OpenExrWrapper (260)
[2020.08.10-01.39.52:950][  4]LogModuleManager: Shutting down and abandoning module ImgMediaFactory (258)
[2020.08.10-01.39.52:950][  4]LogModuleManager: Shutting down and abandoning module AvfMediaFactory (256)
[2020.08.10-01.39.52:950][  4]LogModuleManager: Shutting down and abandoning module CharacterAI (254)
[2020.08.10-01.39.52:950][  4]LogModuleManager: Shutting down and abandoning module SessionServices (252)
[2020.08.10-01.39.52:950][  4]LogModuleManager: Shutting down and abandoning module LiveCoding (250)
[2020.08.10-01.39.52:965][  4]LogModuleManager: Shutting down and abandoning module LevelSequence (248)
[2020.08.10-01.39.52:965][  4]LogModuleManager: Shutting down and abandoning module MovieSceneTracks (246)
[2020.08.10-01.39.52:965][  4]LogModuleManager: Shutting down and abandoning module MovieScene (244)
[2020.08.10-01.39.52:965][  4]LogModuleManager: Shutting down and abandoning module StreamingPauseRendering (242)
[2020.08.10-01.39.52:965][  4]LogModuleManager: Shutting down and abandoning module AudioMixerXAudio2 (240)
[2020.08.10-01.39.52:965][  4]LogModuleManager: Shutting down and abandoning module ImageWriteQueue (238)
[2020.08.10-01.39.52:966][  4]LogModuleManager: Shutting down and abandoning module ProfilerService (236)
[2020.08.10-01.39.53:149][  4]LogModuleManager: Shutting down and abandoning module TaskGraph (234)
[2020.08.10-01.39.53:149][  4]LogModuleManager: Shutting down and abandoning module ProceduralMeshComponent (232)
[2020.08.10-01.39.53:149][  4]LogModuleManager: Shutting down and abandoning module OculusInput (230)
[2020.08.10-01.39.53:149][  4]LogModuleManager: Shutting down and abandoning module MobilePatchingUtils (228)
[2020.08.10-01.39.53:149][  4]LogModuleManager: Shutting down and abandoning module EditableMesh (226)
[2020.08.10-01.39.53:149][  4]LogModuleManager: Shutting down and abandoning module CustomMeshComponent (224)
[2020.08.10-01.39.53:149][  4]LogModuleManager: Shutting down and abandoning module CableComponent (222)
[2020.08.10-01.39.53:149][  4]LogModuleManager: Shutting down and abandoning module AudioCapture (220)
[2020.08.10-01.39.53:149][  4]LogModuleManager: Shutting down and abandoning module AudioCaptureRtAudio (219)
[2020.08.10-01.39.53:150][  4]LogModuleManager: Shutting down and abandoning module AssetTags (216)
[2020.08.10-01.39.53:150][  4]LogModuleManager: Shutting down and abandoning module ArchVisCharacter (214)
[2020.08.10-01.39.53:150][  4]LogModuleManager: Shutting down and abandoning module AppleImageUtils (212)
[2020.08.10-01.39.53:150][  4]LogModuleManager: Shutting down and abandoning module AndroidPermission (210)
[2020.08.10-01.39.53:150][  4]LogModuleManager: Shutting down and abandoning module MediaCompositing (208)
[2020.08.10-01.39.53:150][  4]LogModuleManager: Shutting down and abandoning module ImgMedia (206)
[2020.08.10-01.39.53:150][  4]LogModuleManager: Shutting down and abandoning module MagicLeapHelperVulkan (204)
[2020.08.10-01.39.53:150][  4]LogModuleManager: Shutting down and abandoning module MagicLeapHelperOpenGL (202)
[2020.08.10-01.39.53:150][  4]LogModuleManager: Shutting down and abandoning module MagicLeapAudio (200)
[2020.08.10-01.39.53:150][  4]LogModuleManager: Shutting down and abandoning module BackChannel (198)
[2020.08.10-01.39.53:150][  4]LogModuleManager: Shutting down and abandoning module AutomationUtils (196)
[2020.08.10-01.39.53:150][  4]LogModuleManager: Shutting down and abandoning module GeometryCacheTracks (194)
[2020.08.10-01.39.53:150][  4]LogModuleManager: Shutting down and abandoning module GeometryCache (192)
[2020.08.10-01.39.53:150][  4]LogModuleManager: Shutting down and abandoning module UObjectPlugin (190)
[2020.08.10-01.39.53:150][  4]LogModuleManager: Shutting down and abandoning module RuntimePhysXCooking (188)
[2020.08.10-01.39.53:150][  4]LogModuleManager: Shutting down and abandoning module LocationServicesBPLibrary (184)
[2020.08.10-01.39.53:150][  4]LogModuleManager: Shutting down and abandoning module ActorSequence (182)
[2020.08.10-01.39.53:150][  4]LogModuleManager: Shutting down and abandoning module UdpMessaging (180)
[2020.08.10-01.39.53:150][  4]LogModuleManager: Shutting down and abandoning module TcpMessaging (178)
[2020.08.10-01.39.53:150][  4]LogModuleManager: Shutting down and abandoning module MagicLeapPrivileges (176)
[2020.08.10-01.39.53:150][  4]LogModuleManager: Shutting down and abandoning module MagicLeapPlanes (174)
[2020.08.10-01.39.53:150][  4]LogModuleManager: Shutting down and abandoning module MagicLeapIdentity (172)
[2020.08.10-01.39.53:150][  4]LogModuleManager: Shutting down and abandoning module MagicLeapSecureStorage (170)
[2020.08.10-01.39.53:150][  4]LogModuleManager: Shutting down and abandoning module MagicLeapImageTracker (168)
[2020.08.10-01.39.53:150][  4]LogModuleManager: Shutting down and abandoning module MagicLeapHandTracking (166)
[2020.08.10-01.39.53:150][  4]LogModuleManager: Shutting down and abandoning module MagicLeapHandMeshing (164)
[2020.08.10-01.39.53:150][  4]LogModuleManager: Shutting down and abandoning module MagicLeapEyeTracker (162)
[2020.08.10-01.39.53:150][  4]LogModuleManager: Shutting down and abandoning module MagicLeapController (160)
[2020.08.10-01.39.53:150][  4]LogSlate: Slate User Destroyed.  User Index 0, Is Virtual User: 0
[2020.08.10-01.39.53:150][  4]LogModuleManager: Shutting down and abandoning module MagicLeapARPin (158)
[2020.08.10-01.39.53:150][  4]LogModuleManager: Shutting down and abandoning module MagicLeapAR (156)
[2020.08.10-01.39.53:150][  4]LogModuleManager: Shutting down and abandoning module AugmentedReality (155)
[2020.08.10-01.39.53:150][  4]LogModuleManager: Shutting down and abandoning module FacialAnimation (152)
[2020.08.10-01.39.53:150][  4]LogModuleManager: Shutting down and abandoning module SignificanceManager (150)
[2020.08.10-01.39.53:150][  4]LogModuleManager: Shutting down and abandoning module AnimationSharing (148)
[2020.08.10-01.39.53:150][  4]LogModuleManager: Shutting down and abandoning module LightPropagationVolumeRuntime (146)
[2020.08.10-01.39.53:150][  4]LogModuleManager: Shutting down and abandoning module Paper2D (144)
[2020.08.10-01.39.53:150][  4]LogModuleManager: Shutting down and abandoning module AkAudio (142)
[2020.08.10-01.39.53:158][  4]LogInit: Audiokinetic Audio Device terminated.
[2020.08.10-01.39.53:158][  4]LogModuleManager: Shutting down and abandoning module NiagaraAnimNotifies (140)
[2020.08.10-01.39.53:158][  4]LogModuleManager: Shutting down and abandoning module Niagara (138)
[2020.08.10-01.39.53:158][  4]LogModuleManager: Shutting down and abandoning module NiagaraCore (136)
[2020.08.10-01.39.53:158][  4]LogModuleManager: Shutting down and abandoning module WindowsMoviePlayer (134)
[2020.08.10-01.39.53:162][  4]LogModuleManager: Shutting down and abandoning module WebMMoviePlayer (132)
[2020.08.10-01.39.53:162][  4]LogModuleManager: Shutting down and abandoning module NetworkReplayStreaming (130)
[2020.08.10-01.39.53:162][  4]LogModuleManager: Shutting down and abandoning module PacketHandler (128)
[2020.08.10-01.39.53:162][  4]LogModuleManager: Shutting down and abandoning module ClothingSystemRuntimeNv (126)
[2020.08.10-01.39.53:179][  4]LogModuleManager: Shutting down and abandoning module MediaAssets (124)
[2020.08.10-01.39.53:179][  4]LogModuleManager: Shutting down and abandoning module Overlay (122)
[2020.08.10-01.39.53:179][  4]LogModuleManager: Shutting down and abandoning module FunctionalTesting (120)
[2020.08.10-01.39.53:179][  4]LogModuleManager: Shutting down and abandoning module MessageLog (118)
[2020.08.10-01.39.53:179][  4]LogModuleManager: Shutting down and abandoning module UMG (116)
[2020.08.10-01.39.53:179][  4]LogModuleManager: Shutting down and abandoning module SlateReflector (114)
[2020.08.10-01.39.53:197][  4]LogModuleManager: Shutting down and abandoning module Slate (112)
[2020.08.10-01.39.53:197][  4]LogModuleManager: Shutting down and abandoning module SlateCore (110)
[2020.08.10-01.39.53:197][  4]LogModuleManager: Shutting down and abandoning module MRMesh (108)
[2020.08.10-01.39.53:198][  4]LogModuleManager: Shutting down and abandoning module Messaging (106)
[2020.08.10-01.39.53:198][  4]LogModuleManager: Shutting down and abandoning module HeadMountedDisplay (104)
[2020.08.10-01.39.53:198][  4]LogModuleManager: Shutting down and abandoning module XAudio2 (102)
[2020.08.10-01.39.53:198][  4]LogModuleManager: Shutting down and abandoning module Networking (100)
[2020.08.10-01.39.53:198][  4]LogModuleManager: Shutting down and abandoning module Core (98)
[2020.08.10-01.39.53:198][  4]LogModuleManager: Shutting down and abandoning module ImageWrapper (94)
[2020.08.10-01.39.53:198][  4]LogModuleManager: Shutting down and abandoning module InputCore (92)
[2020.08.10-01.39.53:198][  4]LogModuleManager: Shutting down and abandoning module Settings (90)
[2020.08.10-01.39.53:198][  4]LogModuleManager: Shutting down and abandoning module PhysXCooking (88)
[2020.08.10-01.39.53:198][  4]LogModuleManager: Shutting down and abandoning module ChaosSolvers (86)
[2020.08.10-01.39.53:200][  4]LogModuleManager: Shutting down and abandoning module FieldSystemEngine (85)
[2020.08.10-01.39.53:200][  4]LogModuleManager: Shutting down and abandoning module Chaos (82)
[2020.08.10-01.39.53:200][  4]LogModuleManager: Shutting down and abandoning module WindowsPlatformFeatures (80)
[2020.08.10-01.39.53:200][  4]LogModuleManager: Shutting down and abandoning module GameplayMediaEncoder (79)
[2020.08.10-01.39.53:200][  4]LogModuleManager: Shutting down and abandoning module SteamVRInputDevice (76)
[2020.08.10-01.39.53:200][  4]LogModuleManager: Shutting down and abandoning module SteamVRInput (74)
[2020.08.10-01.39.53:200][  4]LogModuleManager: Shutting down and abandoning module SteamVR (72)
[2020.08.10-01.39.53:200][  4]LogHMD: Freeing OpenVRDLLHandle.
[2020.08.10-01.39.53:200][  4]LogModuleManager: Shutting down and abandoning module OculusHMD (70)
[2020.08.10-01.39.53:200][  4]LogModuleManager: Shutting down and abandoning module ExampleDeviceProfileSelector (68)
[2020.08.10-01.39.53:200][  4]LogModuleManager: Shutting down and abandoning module LauncherChunkInstaller (66)
[2020.08.10-01.39.53:200][  4]LogModuleManager: Shutting down and abandoning module OnlineSubsystem (62)
[2020.08.10-01.39.53:200][  4]LogModuleManager: Shutting down and abandoning module HTTP (57)
[2020.08.10-01.39.53:211][  4]LogModuleManager: Shutting down and abandoning module SSL (56)
[2020.08.10-01.39.53:212][  4]LogModuleManager: Shutting down and abandoning module WmfMedia (52)
[2020.08.10-01.39.53:213][  4]LogModuleManager: Shutting down and abandoning module Media (51)
[2020.08.10-01.39.53:214][  4]LogModuleManager: Shutting down and abandoning module MagicLeap (48)
[2020.08.10-01.39.53:214][  4]LogModuleManager: Shutting down and abandoning module VariantManagerContent (46)
[2020.08.10-01.39.53:214][  4]LogModuleManager: Shutting down and abandoning module DatasmithContent (44)
[2020.08.10-01.39.53:214][  4]LogModuleManager: Shutting down and abandoning module AISupportModule (42)
[2020.08.10-01.39.53:214][  4]LogModuleManager: Shutting down and abandoning module NiagaraVertexFactories (40)
[2020.08.10-01.39.53:214][  4]LogModuleManager: Shutting down and abandoning module NiagaraShader (38)
[2020.08.10-01.39.53:214][  4]LogModuleManager: Shutting down and abandoning module PlatformCryptoOpenSSL (36)
[2020.08.10-01.39.53:214][  4]LogModuleManager: Shutting down and abandoning module PlatformCryptoTypes (34)
[2020.08.10-01.39.53:214][  4]LogModuleManager: Shutting down and abandoning module PlatformCrypto (32)
[2020.08.10-01.39.53:214][  4]LogModuleManager: Shutting down and abandoning module RenderCore (30)
[2020.08.10-01.39.53:214][  4]LogModuleManager: Shutting down and abandoning module Landscape (28)
[2020.08.10-01.39.53:214][  4]LogModuleManager: Shutting down and abandoning module SlateRHIRenderer (26)
[2020.08.10-01.39.53:217][  4]LogModuleManager: Shutting down and abandoning module OpenGLDrv (24)
[2020.08.10-01.39.53:217][  4]LogModuleManager: Shutting down and abandoning module D3D11RHI (22)
[2020.08.10-01.39.53:217][  4]LogModuleManager: Shutting down and abandoning module AnimGraphRuntime (20)
[2020.08.10-01.39.53:217][  4]LogModuleManager: Shutting down and abandoning module Renderer (18)
[2020.08.10-01.39.53:217][  4]LogModuleManager: Shutting down and abandoning module Engine (16)
[2020.08.10-01.39.53:217][  4]LogModuleManager: Shutting down and abandoning module CoreUObject (14)
[2020.08.10-01.39.53:217][  4]LogModuleManager: Shutting down and abandoning module NetworkFile (12)
[2020.08.10-01.39.53:217][  4]LogModuleManager: Shutting down and abandoning module CookedIterativeFile (10)
[2020.08.10-01.39.53:217][  4]LogModuleManager: Shutting down and abandoning module StreamingFile (8)
[2020.08.10-01.39.53:217][  4]LogModuleManager: Shutting down and abandoning module SandboxFile (6)
[2020.08.10-01.39.53:217][  4]LogModuleManager: Shutting down and abandoning module PakFile (4)
[2020.08.10-01.39.53:217][  4]LogModuleManager: Shutting down and abandoning module RSA (3)
[2020.08.10-01.39.53:218][  4]LogD3D11RHI: Shutdown
[2020.08.10-01.39.53:218][  4]LogD3D11RHI: CleanupD3DDevice
[2020.08.10-01.39.53:223][  4]LogExit: Exiting.
[2020.08.10-01.39.53:260][  4]Log file closed, 08/09/20 21:39:53
